[I] 2016-06-03 10:39:41.350 (0x0000): RuchusMonitorService::loadConfiguration ok 
[I] 2016-06-03 10:39:41.364 (0x0001): log monitor init ok 4 
[I] 2016-06-03 10:39:41.365 (0x0001): log minitor file /var/log/messages 
[I] 2016-06-03 10:39:41.365 (0x0001): log monitor file size 405 
[I] 2016-06-03 10:39:41.365 (0x0001): log monitor add watch id 1 
[I] 2016-06-03 10:39:55.463 (0x0001): IN_OPEN: [ERRFMT] "[ERRFMT]" on WD #1
 
[I] 2016-06-03 10:39:55.463 (0x0001): RuchusLogMonitor::handler  1 
[I] 2016-06-03 10:39:55.464 (0x0001): IN_ACCESS: [ERRFMT] "[ERRFMT]" on WD #1
 
[I] 2016-06-03 10:39:55.464 (0x0001): RuchusLogMonitor::handler  1 
[I] 2016-06-03 10:39:55.464 (0x0001): IN_ACCESS: [ERRFMT] "[ERRFMT]" on WD #1
 
[I] 2016-06-03 10:39:55.464 (0x0001): RuchusLogMonitor::handler  1 
[I] 2016-06-03 10:42:19.248 (0x0001): RuchusLogMonitor::handler  1 
[I] 2016-06-03 10:43:12.756 (0x0001): IN_OPEN: [ERRFMT] "[ERRFMT]" on WD #1
 
[I] 2016-06-03 10:43:12.756 (0x0001): RuchusLogMonitor::handler  1 
[I] 2016-06-03 10:43:12.757 (0x0001): IN_ACCESS: [ERRFMT] "[ERRFMT]" on WD #1
 
[I] 2016-06-03 10:43:12.757 (0x0001): RuchusLogMonitor::handler  1 
[I] 2016-06-03 10:43:12.757 (0x0001): IN_ACCESS: [ERRFMT] "[ERRFMT]" on WD #1
 
[I] 2016-06-03 10:43:12.757 (0x0001): RuchusLogMonitor::handler  1 
[I] 2016-06-03 10:48:00.417 (0x0001): log monitor run close after handle 7 
[I] 2016-06-03 10:48:00.417 (0x0000): RuchusMonitorService::uninitialize 
