[I] 2016-06-03 13:23:37.212 (0x0000): RuchusMonitorService::loadConfiguration ok 
[I] 2016-06-03 13:23:37.220 (0x0001): log monitor init ok 4 
[I] 2016-06-03 13:23:37.221 (0x0001): log minitor file /var/log/messages 
[I] 2016-06-03 13:23:37.221 (0x0001): log monitor file size 2372 
[I] 2016-06-03 13:23:37.221 (0x0001): log monitor add watch id 1 
[I] 2016-06-03 13:23:40.306 (0x0001): IN_MODIFY 
[D] 2016-06-03 13:23:40.306 (0x0001): log monitor get line:Jun  3 13:23:40 WiFiGo-Rad root: aaab 
[D] 2016-06-03 13:23:40.306 (0x0001): log monitor match 1 
[D] 2016-06-03 13:23:40.307 (0x0001): log monitor send 37 
[I] 2016-06-03 13:23:40.307 (0x0001): IN_OPEN 
[I] 2016-06-03 13:23:40.307 (0x0001): IN_ACCESS 
[I] 2016-06-03 13:23:42.705 (0x0001): IN_MODIFY 
[D] 2016-06-03 13:23:42.705 (0x0001): log monitor get line:Jun  3 13:23:42 WiFiGo-Rad root: aaab 
[D] 2016-06-03 13:23:42.705 (0x0001): log monitor match 1 
[D] 2016-06-03 13:23:42.705 (0x0001): log monitor send 37 
[I] 2016-06-03 13:23:42.705 (0x0001): IN_OPEN 
[I] 2016-06-03 13:23:42.706 (0x0001): IN_ACCESS 
[I] 2016-06-03 13:23:45.449 (0x0001): IN_MODIFY 
[D] 2016-06-03 13:23:45.449 (0x0001): log monitor get line:Jun  3 13:23:45 WiFiGo-Rad root: aaab 
[D] 2016-06-03 13:23:45.449 (0x0001): log monitor match 1 
[D] 2016-06-03 13:23:45.449 (0x0001): log monitor send 37 
[I] 2016-06-03 13:23:45.449 (0x0001): IN_OPEN 
[I] 2016-06-03 13:23:45.450 (0x0001): IN_ACCESS 
[I] 2016-06-03 13:24:12.219 (0x0001): IN_MODIFY 
[D] 2016-06-03 13:24:12.219 (0x0001): log monitor get line:Jun  3 13:24:12 WiFiGo-Rad root: User[9C:04:EB:D0:6E:B9] joins WLAN[lbstest] from AP[RuckusAP@84:18:3A:31:51:C0] with session data(Client Mac[9C:04:EB:D0:6E:B9],BSSID[84:18:3A:31:51:CC],VLAN[1],Encryp 
[D] 2016-06-03 13:24:12.219 (0x0001): log monitor match 0 
[D] 2016-06-03 13:24:12.220 (0x0001): log monitor send 200 
[I] 2016-06-03 13:24:12.220 (0x0001): IN_OPEN 
[I] 2016-06-03 13:24:12.220 (0x0001): IN_ACCESS 
[I] 2016-06-03 13:25:42.247 (0x0001): log monitor run close after handle 12 
[I] 2016-06-03 13:25:42.247 (0x0000): RuchusMonitorService::uninitialize 
