[I] 2016-06-03 11:20:29.506 (0x0000): RuchusMonitorService::loadConfiguration ok 
[I] 2016-06-03 11:20:29.507 (0x0001): log monitor init ok 4 
[I] 2016-06-03 11:20:29.507 (0x0001): log minitor file /var/log/messages 
[I] 2016-06-03 11:20:29.507 (0x0001): log monitor file size 890 
[I] 2016-06-03 11:20:29.507 (0x0001): log monitor add watch id 1 
[I] 2016-06-03 11:20:34.946 (0x0001): IN_MODIFY 
[D] 2016-06-03 11:20:34.947 (0x0001): log monitor get line:Jun  3 11:20:34 WiFiGo-Rad root: aaab 
[D] 2016-06-03 11:20:34.947 (0x0001): log monitor send 37 
[I] 2016-06-03 11:20:34.947 (0x0001): IN_ACCESS 
[I] 2016-06-03 11:20:39.540 (0x0001): IN_MODIFY 
[D] 2016-06-03 11:20:39.540 (0x0001): log monitor get line:Jun  3 11:20:39 WiFiGo-Rad root: aaab 
[D] 2016-06-03 11:20:39.540 (0x0001): log monitor send 37 
[I] 2016-06-03 11:20:39.540 (0x0001): IN_OPEN 
[I] 2016-06-03 11:20:39.541 (0x0001): IN_ACCESS 
[I] 2016-06-03 11:21:29.090 (0x0001): IN_MODIFY 
[D] 2016-06-03 11:21:29.091 (0x0001): log monitor get line:Jun  3 11:21:29 WiFiGo-Rad root: aaab 
[D] 2016-06-03 11:21:29.091 (0x0001): log monitor send 37 
[I] 2016-06-03 11:21:29.092 (0x0001): IN_OPEN 
[I] 2016-06-03 11:21:33.658 (0x0001): IN_MODIFY 
[D] 2016-06-03 11:21:33.658 (0x0001): log monitor get line:Jun  3 11:21:33 WiFiGo-Rad root: aaab 
[D] 2016-06-03 11:21:33.658 (0x0001): log monitor send 37 
[I] 2016-06-03 11:21:33.659 (0x0001): IN_OPEN 
[I] 2016-06-03 11:21:33.659 (0x0001): IN_ACCESS 
[I] 2016-06-03 11:21:42.330 (0x0001): IN_MODIFY 
[D] 2016-06-03 11:21:42.330 (0x0001): log monitor get line:Jun  3 11:21:42 WiFiGo-Rad root: aaab 
[D] 2016-06-03 11:21:42.330 (0x0001): log monitor send 37 
[I] 2016-06-03 11:21:42.330 (0x0001): IN_OPEN 
[I] 2016-06-03 11:21:42.330 (0x0001): IN_ACCESS 
[I] 2016-06-03 11:28:39.739 (0x0001): log monitor run close after handle 13 
[I] 2016-06-03 11:28:39.740 (0x0000): RuchusMonitorService::uninitialize 
