[I] 2016-06-03 13:00:01.388 (0x0000): RuchusMonitorService::loadConfiguration ok 
[I] 2016-06-03 13:00:01.404 (0x0001): log monitor init ok 4 
[I] 2016-06-03 13:00:01.405 (0x0001): log minitor file /var/log/messages 
[I] 2016-06-03 13:00:01.405 (0x0001): log monitor file size 1840 
[I] 2016-06-03 13:00:01.405 (0x0001): log monitor add watch id 1 
[I] 2016-06-03 13:00:04.888 (0x0001): IN_MODIFY 
[D] 2016-06-03 13:00:04.888 (0x0001): log monitor get line:Jun  3 13:00:04 WiFiGo-Rad root: aaab 
[D] 2016-06-03 13:00:04.888 (0x0001): log monitor match 0 
[D] 2016-06-03 13:00:04.889 (0x0001): log monitor send 37 
[I] 2016-06-03 13:00:04.889 (0x0001): IN_OPEN 
[I] 2016-06-03 13:00:04.890 (0x0001): IN_OPEN 
[I] 2016-06-03 13:02:11.326 (0x0001): IN_MODIFY 
[D] 2016-06-03 13:02:11.326 (0x0001): log monitor get line:Jun  3 13:02:11 WiFiGo-Rad root: aaab 
[D] 2016-06-03 13:02:11.326 (0x0001): log monitor match 0 
[D] 2016-06-03 13:02:11.326 (0x0001): log monitor send 37 
[I] 2016-06-03 13:02:11.326 (0x0001): IN_OPEN 
[I] 2016-06-03 13:02:11.326 (0x0001): IN_ACCESS 
[I] 2016-06-03 13:02:17.881 (0x0001): IN_MODIFY 
[D] 2016-06-03 13:02:17.881 (0x0001): log monitor get line:Jun  3 13:02:17 WiFiGo-Rad root: aaab 
[D] 2016-06-03 13:02:17.881 (0x0001): log monitor match 0 
[D] 2016-06-03 13:02:17.881 (0x0001): log monitor send 37 
[I] 2016-06-03 13:02:17.881 (0x0001): IN_OPEN 
[I] 2016-06-03 13:02:17.882 (0x0001): IN_ACCESS 
[I] 2016-06-03 13:02:29.950 (0x0001): log monitor run close after handle 9 
[I] 2016-06-03 13:02:29.950 (0x0000): RuchusMonitorService::uninitialize 
