[I] 2016-06-03 11:53:42.932 (0x0000): RuchusMonitorService::loadConfiguration ok 
[I] 2016-06-03 11:53:42.934 (0x0001): log monitor init ok 4 
[I] 2016-06-03 11:53:42.934 (0x0001): log minitor file /var/log/messages 
[I] 2016-06-03 11:53:42.935 (0x0001): log monitor file size 1536 
[I] 2016-06-03 11:53:42.935 (0x0001): log monitor add watch id 1 
[I] 2016-06-03 11:53:47.036 (0x0001): IN_MODIFY 
[D] 2016-06-03 11:53:47.036 (0x0001): log monitor get line:Jun  3 11:53:47 WiFiGo-Rad root: aaab 
[D] 2016-06-03 11:53:47.037 (0x0001): log monitor match 0 
[D] 2016-06-03 11:53:47.037 (0x0001): log monitor send 37 
[I] 2016-06-03 11:53:47.037 (0x0001): IN_OPEN 
[I] 2016-06-03 11:53:47.038 (0x0001): IN_ACCESS 
[I] 2016-06-03 11:53:51.597 (0x0001): IN_MODIFY 
[D] 2016-06-03 11:53:51.597 (0x0001): log monitor get line:Jun  3 11:53:51 WiFiGo-Rad root: aaab 
[D] 2016-06-03 11:53:51.597 (0x0001): log monitor match 0 
[D] 2016-06-03 11:53:51.597 (0x0001): log monitor send 37 
[I] 2016-06-03 11:53:51.598 (0x0001): IN_OPEN 
[I] 2016-06-03 11:53:51.598 (0x0001): IN_ACCESS 
[I] 2016-06-03 11:53:54.723 (0x0001): IN_MODIFY 
[D] 2016-06-03 11:53:54.723 (0x0001): log monitor get line:Jun  3 11:53:54 WiFiGo-Rad root: aaab 
[D] 2016-06-03 11:53:54.723 (0x0001): log monitor match 0 
[D] 2016-06-03 11:53:54.723 (0x0001): log monitor send 37 
[I] 2016-06-03 11:53:54.723 (0x0001): IN_OPEN 
[I] 2016-06-03 11:53:54.724 (0x0001): IN_ACCESS 
[I] 2016-06-03 12:05:14.687 (0x0001): IN_MODIFY 
[D] 2016-06-03 12:05:14.687 (0x0001): log monitor get line:Jun  3 12:05:14 WiFiGo-Rad root: aaab 
[D] 2016-06-03 12:05:14.687 (0x0001): log monitor match 0 
[D] 2016-06-03 12:05:14.687 (0x0001): log monitor send 37 
[I] 2016-06-03 12:05:14.688 (0x0001): IN_OPEN 
[I] 2016-06-03 12:05:14.688 (0x0001): IN_ACCESS 
[I] 2016-06-03 12:05:14.745 (0x0001): IN_CLOSE_WRITE 
[I] 2016-06-03 12:06:43.592 (0x0001): IN_MODIFY 
[D] 2016-06-03 12:06:43.592 (0x0001): log monitor get line:Jun  3 12:06:43 WiFiGo-Rad root: aaab 
[D] 2016-06-03 12:06:43.592 (0x0001): log monitor match 0 
[D] 2016-06-03 12:06:43.592 (0x0001): log monitor send 37 
[I] 2016-06-03 12:06:43.592 (0x0001): IN_OPEN 
[I] 2016-06-03 12:06:43.592 (0x0001): IN_ACCESS 
[I] 2016-06-03 12:07:35.666 (0x0001): log monitor run close after handle 16 
[I] 2016-06-03 12:07:35.666 (0x0000): RuchusMonitorService::uninitialize 
