[I] 2016-06-03 14:35:29.729 (0x0000): RuchusMonitorService::loadConfiguration ok 
[I] 2016-06-03 14:35:29.731 (0x0001): log monitor init ok 4 
[I] 2016-06-03 14:35:29.731 (0x0001): log minitor file /var/log/messages 
[I] 2016-06-03 14:35:29.731 (0x0001): log monitor file size 9722 
[I] 2016-06-03 14:35:29.731 (0x0001): log monitor add watch id 1 
[I] 2016-06-03 14:35:31.024 (0x0001): IN_MODIFY 
[D] 2016-06-03 14:35:31.024 (0x0001): log monitor get line:Jun  3 14:35:31 WiFiGo-Rad root: User[9C:04:EB:D0:6E:B9] joins WLAN[lbstest] from AP[RuckusAP@84:18:3A:31:51:C0] with session data(Client Mac[9C:04:EB:D0:6E:B9],BSSID[84:18:3A:31:51:CC],VLAN[1],Encryp 
[D] 2016-06-03 14:35:31.024 (0x0001): log monitor match 1 
[D] 2016-06-03 14:35:31.025 (0x0001): log monitor send 200 
[I] 2016-06-03 14:35:31.025 (0x0001): IN_OPEN 
[I] 2016-06-03 14:35:31.025 (0x0001): IN_ACCESS 
[I] 2016-06-03 14:36:27.720 (0x0001): IN_MODIFY 
[D] 2016-06-03 14:36:27.721 (0x0001): log monitor get line:Jun  3 14:36:27 WiFiGo-Rad root: User[9C:04:EB:D0:6E:B9] joins WLAN[lbstest] from AP[RuckusAP@84:18:3A:31:51:C0] with session data(Client Mac[9C:04:EB:D0:6E:B9],BSSID[84:18:3A:31:51:CC],VLAN[1],Encryp 
[D] 2016-06-03 14:36:27.721 (0x0001): log monitor match 1 
[D] 2016-06-03 14:36:27.721 (0x0001): log monitor send 200 
[I] 2016-06-03 14:36:27.721 (0x0001): IN_OPEN 
[I] 2016-06-03 14:36:39.623 (0x0001): IN_MODIFY 
[D] 2016-06-03 14:36:39.623 (0x0001): log monitor get line:Jun  3 14:36:39 WiFiGo-Rad root: User[9C:04:EB:D0:6E:B9] joins WLAN[lbstest] from a[RuckusAP@84:18:3A:31:51:C0] with session data(Client Mac[9C:04:EB:D0:6E:B9],BSSID[84:18:3A:31:51:CC],VLAN[1],Encryp 
[D] 2016-06-03 14:36:39.623 (0x0001): log monitor match 0 
[D] 2016-06-03 14:36:39.623 (0x0001): log monitor send 199 
[I] 2016-06-03 14:36:39.624 (0x0001): IN_OPEN 
[I] 2016-06-03 14:36:39.624 (0x0001): IN_ACCESS 
[I] 2016-06-03 14:39:10.996 (0x0001): log monitor run close after handle 8 
[I] 2016-06-03 14:39:10.996 (0x0000): RuchusMonitorService::uninitialize 
