[I] 2016-06-03 14:44:03.181 (0x0000): RuchusMonitorService::loadConfiguration ok 
[I] 2016-06-03 14:44:03.182 (0x0001): log monitor init ok 5 
[I] 2016-06-03 14:44:03.182 (0x0001): log minitor file /var/log/messages 
[I] 2016-06-03 14:44:03.182 (0x0001): log monitor file size 10926 
[I] 2016-06-03 14:44:03.182 (0x0001): log monitor add watch id 1 
[I] 2016-06-03 14:44:15.119 (0x0001): IN_MODIFY 
[D] 2016-06-03 14:44:15.120 (0x0001): log monitor get line:Jun  3 14:44:15 WiFiGo-Rad root: User[9C:04:EB:D0:6E:B9] joins WLAN[lbstest] from AP[RuckusAP@84:18:3A:31:51:C0] with session data(Client Mac[9C:04:EB:D0:6E:B9],BSSID[84:18:3A:31:51:CC],VLAN[1],Encryp 
[D] 2016-06-03 14:44:15.120 (0x0001): log monitor match 1 
[D] 2016-06-03 14:44:15.120 (0x0001): log monitor send 200 
[I] 2016-06-03 14:44:15.120 (0x0001): IN_OPEN 
[I] 2016-06-03 14:44:15.120 (0x0001): IN_ACCESS 
[I] 2016-06-03 14:44:43.687 (0x0001): IN_MODIFY 
[D] 2016-06-03 14:44:43.687 (0x0001): log monitor get line:Jun  3 14:44:43 WiFiGo-Rad root: aaa 
[D] 2016-06-03 14:44:43.687 (0x0001): log monitor match 0 
[I] 2016-06-03 14:44:43.687 (0x0001): IN_OPEN 
[I] 2016-06-03 14:44:43.688 (0x0001): IN_ACCESS 
[I] 2016-06-03 14:48:34.484 (0x0001): IN_MODIFY 
[D] 2016-06-03 14:48:34.484 (0x0001): log monitor get line:Jun  3 14:48:34 WiFiGo-Rad root: User[9C:04:EB:D0:6E:B9] joins WLAN[lbstest] from AP[RuckusAP@84:18:3A:31:51:C0] with session data(Client Mac[9C:04:EB:D0:6E:B9],BSSID[84:18:3A:31:51:CC],VLAN[1],Encryp 
[D] 2016-06-03 14:48:34.484 (0x0001): log monitor match 1 
[D] 2016-06-03 14:48:34.484 (0x0001): log monitor send 200 
[I] 2016-06-03 14:48:34.484 (0x0001): IN_OPEN 
[I] 2016-06-03 14:48:34.484 (0x0001): IN_ACCESS 
[I] 2016-06-03 15:09:58.606 (0x0001): log monitor run close after handle 9 
[I] 2016-06-03 15:09:58.606 (0x0000): RuchusMonitorService::uninitialize 
